{"__type":"$$EventMessageAudit","id":"509fdbc0-646d-4fd3-852c-f4b4abfb33b3","ts":"2025-09-18T00:20:19.315+00:00","eventName":"n8n.audit.workflow.created","message":"n8n.audit.workflow.created","payload":{"userId":"95d699fb-13e1-481f-bab4-b726d539d911","_email":"eldandachi.nour@gmail.com","_firstName":"Nour","_lastName":"El Dandachi","globalRole":"global:owner","workflowId":"zce7uodS8NSukHLn","workflowName":"My workflow"}}
{"__type":"$$EventMessageConfirm","confirm":"509fdbc0-646d-4fd3-852c-f4b4abfb33b3","ts":"2025-09-18T00:20:19.315+00:00","source":{"id":"0","name":"eventBus"}}
{"__type":"$$EventMessageWorkflow","id":"c33a0d68-bf50-48ed-9f1c-8de7b3c13bde","ts":"2025-09-18T00:20:19.610+00:00","eventName":"n8n.workflow.started","message":"n8n.workflow.started","payload":{"executionId":"1","workflowId":"zce7uodS8NSukHLn","isManual":false,"workflowName":"My workflow"}}
{"__type":"$$EventMessageConfirm","confirm":"c33a0d68-bf50-48ed-9f1c-8de7b3c13bde","ts":"2025-09-18T00:20:19.610+00:00","source":{"id":"0","name":"eventBus"}}
{"__type":"$$EventMessageNode","id":"cda5bced-2aa1-4c63-9e29-a98fda358463","ts":"2025-09-18T00:20:19.611+00:00","eventName":"n8n.node.started","message":"n8n.node.started","payload":{"workflowId":"zce7uodS8NSukHLn","workflowName":"My workflow","executionId":"1","nodeType":"n8n-nodes-base.scheduleTrigger","nodeName":"Schedule Trigger","nodeId":"2a33b5cb-1e19-4075-ab14-2628c8fd6145"}}
{"__type":"$$EventMessageConfirm","confirm":"cda5bced-2aa1-4c63-9e29-a98fda358463","ts":"2025-09-18T00:20:19.611+00:00","source":{"id":"0","name":"eventBus"}}
{"__type":"$$EventMessageNode","id":"eb253e6f-c294-40dd-a1d9-122c44c8b20e","ts":"2025-09-18T00:20:19.616+00:00","eventName":"n8n.node.finished","message":"n8n.node.finished","payload":{"workflowId":"zce7uodS8NSukHLn","workflowName":"My workflow","executionId":"1","nodeType":"n8n-nodes-base.scheduleTrigger","nodeName":"Schedule Trigger","nodeId":"2a33b5cb-1e19-4075-ab14-2628c8fd6145"}}
{"__type":"$$EventMessageConfirm","confirm":"eb253e6f-c294-40dd-a1d9-122c44c8b20e","ts":"2025-09-18T00:20:19.616+00:00","source":{"id":"0","name":"eventBus"}}
{"__type":"$$EventMessageNode","id":"30973d64-749f-4812-a6d3-3cc081483af9","ts":"2025-09-18T00:20:19.616+00:00","eventName":"n8n.node.started","message":"n8n.node.started","payload":{"workflowId":"zce7uodS8NSukHLn","workflowName":"My workflow","executionId":"1","nodeType":"n8n-nodes-base.httpRequest","nodeName":"HTTP Request","nodeId":"276143d5-d931-4bd1-8818-2a74f17b52e3"}}
{"__type":"$$EventMessageConfirm","confirm":"30973d64-749f-4812-a6d3-3cc081483af9","ts":"2025-09-18T00:20:19.616+00:00","source":{"id":"0","name":"eventBus"}}
{"__type":"$$EventMessageNode","id":"59b2b57e-5c86-4d16-a85a-72d368254ca0","ts":"2025-09-18T00:20:19.635+00:00","eventName":"n8n.node.finished","message":"n8n.node.finished","payload":{"workflowId":"zce7uodS8NSukHLn","workflowName":"My workflow","executionId":"1","nodeType":"n8n-nodes-base.httpRequest","nodeName":"HTTP Request","nodeId":"276143d5-d931-4bd1-8818-2a74f17b52e3"}}
{"__type":"$$EventMessageConfirm","confirm":"59b2b57e-5c86-4d16-a85a-72d368254ca0","ts":"2025-09-18T00:20:19.636+00:00","source":{"id":"0","name":"eventBus"}}
{"__type":"$$EventMessageNode","id":"b4101448-25ab-465a-bc20-b775cace9e90","ts":"2025-09-18T00:20:19.636+00:00","eventName":"n8n.node.started","message":"n8n.node.started","payload":{"workflowId":"zce7uodS8NSukHLn","workflowName":"My workflow","executionId":"1","nodeType":"n8n-nodes-base.code","nodeName":"Flatten Watched Repos","nodeId":"2eec7377-41f7-4a7b-8bfe-edd8f7225137"}}
{"__type":"$$EventMessageConfirm","confirm":"b4101448-25ab-465a-bc20-b775cace9e90","ts":"2025-09-18T00:20:19.636+00:00","source":{"id":"0","name":"eventBus"}}
{"__type":"$$EventMessageNode","id":"7501573c-7065-4384-8e14-38450f614f6c","ts":"2025-09-17T20:20:19.645-04:00","eventName":"n8n.node.finished","message":"n8n.node.finished","payload":{"workflowId":"zce7uodS8NSukHLn","workflowName":"My workflow","executionId":"1","nodeType":"n8n-nodes-base.code","nodeName":"Flatten Watched Repos","nodeId":"2eec7377-41f7-4a7b-8bfe-edd8f7225137"}}
{"__type":"$$EventMessageConfirm","confirm":"7501573c-7065-4384-8e14-38450f614f6c","ts":"2025-09-17T20:20:19.646-04:00","source":{"id":"0","name":"eventBus"}}
{"__type":"$$EventMessageNode","id":"aceba17f-5606-4699-85b8-dfa9fdf5a9d0","ts":"2025-09-17T20:20:19.646-04:00","eventName":"n8n.node.started","message":"n8n.node.started","payload":{"workflowId":"zce7uodS8NSukHLn","workflowName":"My workflow","executionId":"1","nodeType":"n8n-nodes-base.code","nodeName":"Split Owner and Repo Name","nodeId":"83524888-a5f6-48e3-9908-61ce1571c879"}}
{"__type":"$$EventMessageConfirm","confirm":"aceba17f-5606-4699-85b8-dfa9fdf5a9d0","ts":"2025-09-17T20:20:19.646-04:00","source":{"id":"0","name":"eventBus"}}
{"__type":"$$EventMessageNode","id":"2bb2007b-d18f-4179-a5f2-5f577b4bf0a8","ts":"2025-09-17T20:20:19.650-04:00","eventName":"n8n.node.finished","message":"n8n.node.finished","payload":{"workflowId":"zce7uodS8NSukHLn","workflowName":"My workflow","executionId":"1","nodeType":"n8n-nodes-base.code","nodeName":"Split Owner and Repo Name","nodeId":"83524888-a5f6-48e3-9908-61ce1571c879"}}
{"__type":"$$EventMessageConfirm","confirm":"2bb2007b-d18f-4179-a5f2-5f577b4bf0a8","ts":"2025-09-17T20:20:19.650-04:00","source":{"id":"0","name":"eventBus"}}
{"__type":"$$EventMessageNode","id":"755bf83b-3f09-430a-aea0-5dc231636af1","ts":"2025-09-17T20:20:19.651-04:00","eventName":"n8n.node.started","message":"n8n.node.started","payload":{"workflowId":"zce7uodS8NSukHLn","workflowName":"My workflow","executionId":"1","nodeType":"n8n-nodes-base.httpRequest","nodeName":"Fetch Latest SHA","nodeId":"5905da09-d340-4f70-be41-75da7c26c74f"}}
{"__type":"$$EventMessageConfirm","confirm":"755bf83b-3f09-430a-aea0-5dc231636af1","ts":"2025-09-17T20:20:19.651-04:00","source":{"id":"0","name":"eventBus"}}
{"__type":"$$EventMessageNode","id":"f47727c6-3ba9-4381-a18b-3d933869489c","ts":"2025-09-17T20:20:20.481-04:00","eventName":"n8n.node.finished","message":"n8n.node.finished","payload":{"workflowId":"zce7uodS8NSukHLn","workflowName":"My workflow","executionId":"1","nodeType":"n8n-nodes-base.httpRequest","nodeName":"Fetch Latest SHA","nodeId":"5905da09-d340-4f70-be41-75da7c26c74f"}}
{"__type":"$$EventMessageConfirm","confirm":"f47727c6-3ba9-4381-a18b-3d933869489c","ts":"2025-09-17T20:20:20.481-04:00","source":{"id":"0","name":"eventBus"}}
{"__type":"$$EventMessageNode","id":"f6245e0c-373e-42e2-87d9-7474889c38dd","ts":"2025-09-17T20:20:20.485-04:00","eventName":"n8n.node.started","message":"n8n.node.started","payload":{"workflowId":"zce7uodS8NSukHLn","workflowName":"My workflow","executionId":"1","nodeType":"n8n-nodes-base.code","nodeName":"Extract SHA","nodeId":"5f987f9a-547d-4e8b-bbb2-7a6c7a6e5df1"}}
{"__type":"$$EventMessageConfirm","confirm":"f6245e0c-373e-42e2-87d9-7474889c38dd","ts":"2025-09-17T20:20:20.485-04:00","source":{"id":"0","name":"eventBus"}}
{"__type":"$$EventMessageNode","id":"7ac29581-00d0-4b7d-a924-022b02983bde","ts":"2025-09-17T20:20:20.489-04:00","eventName":"n8n.node.finished","message":"n8n.node.finished","payload":{"workflowId":"zce7uodS8NSukHLn","workflowName":"My workflow","executionId":"1","nodeType":"n8n-nodes-base.code","nodeName":"Extract SHA","nodeId":"5f987f9a-547d-4e8b-bbb2-7a6c7a6e5df1"}}
{"__type":"$$EventMessageConfirm","confirm":"7ac29581-00d0-4b7d-a924-022b02983bde","ts":"2025-09-17T20:20:20.490-04:00","source":{"id":"0","name":"eventBus"}}
{"__type":"$$EventMessageNode","id":"f8db66a7-0da0-47ea-813f-a2d6ed54e8be","ts":"2025-09-17T20:20:20.491-04:00","eventName":"n8n.node.started","message":"n8n.node.started","payload":{"workflowId":"zce7uodS8NSukHLn","workflowName":"My workflow","executionId":"1","nodeType":"n8n-nodes-base.if","nodeName":"If","nodeId":"5c776ba4-2b51-43f9-85f1-e22f4a69575e"}}
{"__type":"$$EventMessageConfirm","confirm":"f8db66a7-0da0-47ea-813f-a2d6ed54e8be","ts":"2025-09-17T20:20:20.491-04:00","source":{"id":"0","name":"eventBus"}}
{"__type":"$$EventMessageNode","id":"5daae6aa-d5a8-4f48-9683-1f0f6cd6dce7","ts":"2025-09-17T20:20:20.498-04:00","eventName":"n8n.node.finished","message":"n8n.node.finished","payload":{"workflowId":"zce7uodS8NSukHLn","workflowName":"My workflow","executionId":"1","nodeType":"n8n-nodes-base.if","nodeName":"If","nodeId":"5c776ba4-2b51-43f9-85f1-e22f4a69575e"}}
{"__type":"$$EventMessageConfirm","confirm":"5daae6aa-d5a8-4f48-9683-1f0f6cd6dce7","ts":"2025-09-17T20:20:20.498-04:00","source":{"id":"0","name":"eventBus"}}
{"__type":"$$EventMessageNode","id":"dc4c5aec-215e-4206-b440-9c4b990df176","ts":"2025-09-17T20:20:20.498-04:00","eventName":"n8n.node.started","message":"n8n.node.started","payload":{"workflowId":"zce7uodS8NSukHLn","workflowName":"My workflow","executionId":"1","nodeType":"n8n-nodes-base.httpRequest","nodeName":"Update last_sha","nodeId":"b1c1876b-0b33-4ca7-b5dd-ad25a52b209f"}}
{"__type":"$$EventMessageConfirm","confirm":"dc4c5aec-215e-4206-b440-9c4b990df176","ts":"2025-09-17T20:20:20.498-04:00","source":{"id":"0","name":"eventBus"}}
{"__type":"$$EventMessageNode","id":"a2817aa8-7159-4316-a314-4a5f5d225a81","ts":"2025-09-17T20:20:20.599-04:00","eventName":"n8n.node.finished","message":"n8n.node.finished","payload":{"workflowId":"zce7uodS8NSukHLn","workflowName":"My workflow","executionId":"1","nodeType":"n8n-nodes-base.httpRequest","nodeName":"Update last_sha","nodeId":"b1c1876b-0b33-4ca7-b5dd-ad25a52b209f"}}
{"__type":"$$EventMessageConfirm","confirm":"a2817aa8-7159-4316-a314-4a5f5d225a81","ts":"2025-09-17T20:20:20.599-04:00","source":{"id":"0","name":"eventBus"}}
{"__type":"$$EventMessageNode","id":"0c382d00-554b-4021-9452-7de436e0c21b","ts":"2025-09-17T20:20:20.599-04:00","eventName":"n8n.node.started","message":"n8n.node.started","payload":{"workflowId":"zce7uodS8NSukHLn","workflowName":"My workflow","executionId":"1","nodeType":"n8n-nodes-base.httpRequest","nodeName":"Send Notification","nodeId":"be65ae2a-f6e6-445d-8c0d-9c21323e51ad"}}
{"__type":"$$EventMessageConfirm","confirm":"0c382d00-554b-4021-9452-7de436e0c21b","ts":"2025-09-17T20:20:20.599-04:00","source":{"id":"0","name":"eventBus"}}
{"__type":"$$EventMessageNode","id":"f9437d07-4a07-4a29-a3cf-ef3a4bde9000","ts":"2025-09-17T20:20:20.634-04:00","eventName":"n8n.node.finished","message":"n8n.node.finished","payload":{"workflowId":"zce7uodS8NSukHLn","workflowName":"My workflow","executionId":"1","nodeType":"n8n-nodes-base.httpRequest","nodeName":"Send Notification","nodeId":"be65ae2a-f6e6-445d-8c0d-9c21323e51ad"}}
{"__type":"$$EventMessageConfirm","confirm":"f9437d07-4a07-4a29-a3cf-ef3a4bde9000","ts":"2025-09-17T20:20:20.634-04:00","source":{"id":"0","name":"eventBus"}}
{"__type":"$$EventMessageWorkflow","id":"ef319eb6-9bd0-40f2-be1a-d8389f52d032","ts":"2025-09-17T20:20:20.635-04:00","eventName":"n8n.workflow.success","message":"n8n.workflow.success","payload":{"userId":"95d699fb-13e1-481f-bab4-b726d539d911","executionId":"1","success":true,"isManual":true,"workflowId":"zce7uodS8NSukHLn","workflowName":"My workflow"}}
{"__type":"$$EventMessageConfirm","confirm":"ef319eb6-9bd0-40f2-be1a-d8389f52d032","ts":"2025-09-17T20:20:20.635-04:00","source":{"id":"0","name":"eventBus"}}
{"__type":"$$EventMessageWorkflow","id":"3de0bca4-8c25-48e6-bcdd-2e87b3852212","ts":"2025-09-18T05:00:42.749-04:00","eventName":"n8n.workflow.started","message":"n8n.workflow.started","payload":{"executionId":"2","workflowId":"zce7uodS8NSukHLn","isManual":false,"workflowName":"My workflow"}}
{"__type":"$$EventMessageConfirm","confirm":"3de0bca4-8c25-48e6-bcdd-2e87b3852212","ts":"2025-09-18T05:00:42.750-04:00","source":{"id":"0","name":"eventBus"}}
{"__type":"$$EventMessageNode","id":"935f08d9-b211-4535-91a7-73bed3ea4140","ts":"2025-09-18T05:00:42.750-04:00","eventName":"n8n.node.started","message":"n8n.node.started","payload":{"workflowId":"zce7uodS8NSukHLn","workflowName":"My workflow","executionId":"2","nodeType":"n8n-nodes-base.scheduleTrigger","nodeName":"Schedule Trigger","nodeId":"2a33b5cb-1e19-4075-ab14-2628c8fd6145"}}
{"__type":"$$EventMessageConfirm","confirm":"935f08d9-b211-4535-91a7-73bed3ea4140","ts":"2025-09-18T05:00:42.750-04:00","source":{"id":"0","name":"eventBus"}}
{"__type":"$$EventMessageNode","id":"16ee92c1-3456-40f3-ab64-8f9ab3bad732","ts":"2025-09-18T05:00:42.752-04:00","eventName":"n8n.node.finished","message":"n8n.node.finished","payload":{"workflowId":"zce7uodS8NSukHLn","workflowName":"My workflow","executionId":"2","nodeType":"n8n-nodes-base.scheduleTrigger","nodeName":"Schedule Trigger","nodeId":"2a33b5cb-1e19-4075-ab14-2628c8fd6145"}}
{"__type":"$$EventMessageConfirm","confirm":"16ee92c1-3456-40f3-ab64-8f9ab3bad732","ts":"2025-09-18T05:00:42.752-04:00","source":{"id":"0","name":"eventBus"}}
{"__type":"$$EventMessageNode","id":"71f2b573-df13-42ad-8463-d74f9b9ac61c","ts":"2025-09-18T05:00:42.752-04:00","eventName":"n8n.node.started","message":"n8n.node.started","payload":{"workflowId":"zce7uodS8NSukHLn","workflowName":"My workflow","executionId":"2","nodeType":"n8n-nodes-base.httpRequest","nodeName":"HTTP Request","nodeId":"276143d5-d931-4bd1-8818-2a74f17b52e3"}}
{"__type":"$$EventMessageConfirm","confirm":"71f2b573-df13-42ad-8463-d74f9b9ac61c","ts":"2025-09-18T05:00:42.752-04:00","source":{"id":"0","name":"eventBus"}}
{"__type":"$$EventMessageNode","id":"60255f32-076f-41ef-af75-157fdcd9779f","ts":"2025-09-18T05:00:42.763-04:00","eventName":"n8n.node.finished","message":"n8n.node.finished","payload":{"workflowId":"zce7uodS8NSukHLn","workflowName":"My workflow","executionId":"2","nodeType":"n8n-nodes-base.httpRequest","nodeName":"HTTP Request","nodeId":"276143d5-d931-4bd1-8818-2a74f17b52e3"}}
{"__type":"$$EventMessageConfirm","confirm":"60255f32-076f-41ef-af75-157fdcd9779f","ts":"2025-09-18T05:00:42.763-04:00","source":{"id":"0","name":"eventBus"}}
{"__type":"$$EventMessageNode","id":"607fc2b6-3e63-48f0-8e63-19fac93f225b","ts":"2025-09-18T05:00:42.763-04:00","eventName":"n8n.node.started","message":"n8n.node.started","payload":{"workflowId":"zce7uodS8NSukHLn","workflowName":"My workflow","executionId":"2","nodeType":"n8n-nodes-base.code","nodeName":"Flatten Watched Repos","nodeId":"2eec7377-41f7-4a7b-8bfe-edd8f7225137"}}
{"__type":"$$EventMessageConfirm","confirm":"607fc2b6-3e63-48f0-8e63-19fac93f225b","ts":"2025-09-18T05:00:42.763-04:00","source":{"id":"0","name":"eventBus"}}
{"__type":"$$EventMessageNode","id":"1bbbf1d8-db21-49df-9954-efa69fcc39dd","ts":"2025-09-18T05:00:42.768-04:00","eventName":"n8n.node.finished","message":"n8n.node.finished","payload":{"workflowId":"zce7uodS8NSukHLn","workflowName":"My workflow","executionId":"2","nodeType":"n8n-nodes-base.code","nodeName":"Flatten Watched Repos","nodeId":"2eec7377-41f7-4a7b-8bfe-edd8f7225137"}}
{"__type":"$$EventMessageConfirm","confirm":"1bbbf1d8-db21-49df-9954-efa69fcc39dd","ts":"2025-09-18T05:00:42.768-04:00","source":{"id":"0","name":"eventBus"}}
{"__type":"$$EventMessageNode","id":"195d5ede-d6e7-4493-8e3a-1476ca75667b","ts":"2025-09-18T05:00:42.769-04:00","eventName":"n8n.node.started","message":"n8n.node.started","payload":{"workflowId":"zce7uodS8NSukHLn","workflowName":"My workflow","executionId":"2","nodeType":"n8n-nodes-base.code","nodeName":"Split Owner and Repo Name","nodeId":"83524888-a5f6-48e3-9908-61ce1571c879"}}
{"__type":"$$EventMessageConfirm","confirm":"195d5ede-d6e7-4493-8e3a-1476ca75667b","ts":"2025-09-18T05:00:42.769-04:00","source":{"id":"0","name":"eventBus"}}
{"__type":"$$EventMessageNode","id":"b232c914-50e3-4b9d-8f9f-814d7f1d0754","ts":"2025-09-18T05:00:42.773-04:00","eventName":"n8n.node.finished","message":"n8n.node.finished","payload":{"workflowId":"zce7uodS8NSukHLn","workflowName":"My workflow","executionId":"2","nodeType":"n8n-nodes-base.code","nodeName":"Split Owner and Repo Name","nodeId":"83524888-a5f6-48e3-9908-61ce1571c879"}}
{"__type":"$$EventMessageConfirm","confirm":"b232c914-50e3-4b9d-8f9f-814d7f1d0754","ts":"2025-09-18T05:00:42.773-04:00","source":{"id":"0","name":"eventBus"}}
{"__type":"$$EventMessageNode","id":"630e4f84-62a7-4baa-a23f-94bc07b572c9","ts":"2025-09-18T05:00:42.775-04:00","eventName":"n8n.node.started","message":"n8n.node.started","payload":{"workflowId":"zce7uodS8NSukHLn","workflowName":"My workflow","executionId":"2","nodeType":"n8n-nodes-base.httpRequest","nodeName":"Fetch Latest SHA","nodeId":"5905da09-d340-4f70-be41-75da7c26c74f"}}
{"__type":"$$EventMessageConfirm","confirm":"630e4f84-62a7-4baa-a23f-94bc07b572c9","ts":"2025-09-18T05:00:42.775-04:00","source":{"id":"0","name":"eventBus"}}
{"__type":"$$EventMessageNode","id":"7422d17d-6003-4708-8e64-ff8354187b1c","ts":"2025-09-18T05:00:45.289-04:00","eventName":"n8n.node.finished","message":"n8n.node.finished","payload":{"workflowId":"zce7uodS8NSukHLn","workflowName":"My workflow","executionId":"2","nodeType":"n8n-nodes-base.httpRequest","nodeName":"Fetch Latest SHA","nodeId":"5905da09-d340-4f70-be41-75da7c26c74f"}}
{"__type":"$$EventMessageConfirm","confirm":"7422d17d-6003-4708-8e64-ff8354187b1c","ts":"2025-09-18T05:00:45.289-04:00","source":{"id":"0","name":"eventBus"}}
{"__type":"$$EventMessageNode","id":"22603cf9-1a1f-4370-872c-6fe16dae9eb9","ts":"2025-09-18T05:00:45.295-04:00","eventName":"n8n.node.started","message":"n8n.node.started","payload":{"workflowId":"zce7uodS8NSukHLn","workflowName":"My workflow","executionId":"2","nodeType":"n8n-nodes-base.code","nodeName":"Extract SHA","nodeId":"5f987f9a-547d-4e8b-bbb2-7a6c7a6e5df1"}}
{"__type":"$$EventMessageConfirm","confirm":"22603cf9-1a1f-4370-872c-6fe16dae9eb9","ts":"2025-09-18T05:00:45.295-04:00","source":{"id":"0","name":"eventBus"}}
{"__type":"$$EventMessageNode","id":"c4768705-a42b-4888-ad95-7925a207141c","ts":"2025-09-18T05:00:45.304-04:00","eventName":"n8n.node.finished","message":"n8n.node.finished","payload":{"workflowId":"zce7uodS8NSukHLn","workflowName":"My workflow","executionId":"2","nodeType":"n8n-nodes-base.code","nodeName":"Extract SHA","nodeId":"5f987f9a-547d-4e8b-bbb2-7a6c7a6e5df1"}}
{"__type":"$$EventMessageConfirm","confirm":"c4768705-a42b-4888-ad95-7925a207141c","ts":"2025-09-18T05:00:45.304-04:00","source":{"id":"0","name":"eventBus"}}
{"__type":"$$EventMessageNode","id":"494ed93f-1b3b-4d88-8312-1b6da8968692","ts":"2025-09-18T05:00:45.305-04:00","eventName":"n8n.node.started","message":"n8n.node.started","payload":{"workflowId":"zce7uodS8NSukHLn","workflowName":"My workflow","executionId":"2","nodeType":"n8n-nodes-base.if","nodeName":"If","nodeId":"5c776ba4-2b51-43f9-85f1-e22f4a69575e"}}
{"__type":"$$EventMessageConfirm","confirm":"494ed93f-1b3b-4d88-8312-1b6da8968692","ts":"2025-09-18T05:00:45.305-04:00","source":{"id":"0","name":"eventBus"}}
{"__type":"$$EventMessageNode","id":"eefc9ecb-e3ef-4688-9a51-0ef4b21a84c1","ts":"2025-09-18T05:00:45.310-04:00","eventName":"n8n.node.finished","message":"n8n.node.finished","payload":{"workflowId":"zce7uodS8NSukHLn","workflowName":"My workflow","executionId":"2","nodeType":"n8n-nodes-base.if","nodeName":"If","nodeId":"5c776ba4-2b51-43f9-85f1-e22f4a69575e"}}
{"__type":"$$EventMessageConfirm","confirm":"eefc9ecb-e3ef-4688-9a51-0ef4b21a84c1","ts":"2025-09-18T05:00:45.310-04:00","source":{"id":"0","name":"eventBus"}}
{"__type":"$$EventMessageWorkflow","id":"dc3e52e7-be13-430d-b3ec-aa4ea951f8ac","ts":"2025-09-18T05:00:45.311-04:00","eventName":"n8n.workflow.success","message":"n8n.workflow.success","payload":{"userId":"95d699fb-13e1-481f-bab4-b726d539d911","executionId":"2","success":true,"isManual":true,"workflowId":"zce7uodS8NSukHLn","workflowName":"My workflow"}}
{"__type":"$$EventMessageConfirm","confirm":"dc3e52e7-be13-430d-b3ec-aa4ea951f8ac","ts":"2025-09-18T05:00:45.312-04:00","source":{"id":"0","name":"eventBus"}}
{"__type":"$$EventMessageWorkflow","id":"4d36778b-6e2a-4bbb-9979-07196e8320a4","ts":"2025-09-18T05:49:59.123-04:00","eventName":"n8n.workflow.started","message":"n8n.workflow.started","payload":{"executionId":"3","workflowId":"zce7uodS8NSukHLn","isManual":false,"workflowName":"My workflow"}}
{"__type":"$$EventMessageConfirm","confirm":"4d36778b-6e2a-4bbb-9979-07196e8320a4","ts":"2025-09-18T05:49:59.123-04:00","source":{"id":"0","name":"eventBus"}}
{"__type":"$$EventMessageNode","id":"2f753614-ce0f-4fb7-90b3-f302fd65077d","ts":"2025-09-18T05:49:59.124-04:00","eventName":"n8n.node.started","message":"n8n.node.started","payload":{"workflowId":"zce7uodS8NSukHLn","workflowName":"My workflow","executionId":"3","nodeType":"n8n-nodes-base.scheduleTrigger","nodeName":"Schedule Trigger","nodeId":"2a33b5cb-1e19-4075-ab14-2628c8fd6145"}}
{"__type":"$$EventMessageConfirm","confirm":"2f753614-ce0f-4fb7-90b3-f302fd65077d","ts":"2025-09-18T05:49:59.124-04:00","source":{"id":"0","name":"eventBus"}}
{"__type":"$$EventMessageNode","id":"344f39f3-6439-4204-a35f-d03cb37a4d06","ts":"2025-09-18T05:49:59.125-04:00","eventName":"n8n.node.finished","message":"n8n.node.finished","payload":{"workflowId":"zce7uodS8NSukHLn","workflowName":"My workflow","executionId":"3","nodeType":"n8n-nodes-base.scheduleTrigger","nodeName":"Schedule Trigger","nodeId":"2a33b5cb-1e19-4075-ab14-2628c8fd6145"}}
{"__type":"$$EventMessageConfirm","confirm":"344f39f3-6439-4204-a35f-d03cb37a4d06","ts":"2025-09-18T05:49:59.125-04:00","source":{"id":"0","name":"eventBus"}}
{"__type":"$$EventMessageNode","id":"9b2225fa-2bcc-444f-b6b6-e0608566d7ce","ts":"2025-09-18T05:49:59.125-04:00","eventName":"n8n.node.started","message":"n8n.node.started","payload":{"workflowId":"zce7uodS8NSukHLn","workflowName":"My workflow","executionId":"3","nodeType":"n8n-nodes-base.httpRequest","nodeName":"HTTP Request","nodeId":"276143d5-d931-4bd1-8818-2a74f17b52e3"}}
{"__type":"$$EventMessageConfirm","confirm":"9b2225fa-2bcc-444f-b6b6-e0608566d7ce","ts":"2025-09-18T05:49:59.125-04:00","source":{"id":"0","name":"eventBus"}}
{"__type":"$$EventMessageNode","id":"52a05579-20e1-4470-9b70-b190dc10973b","ts":"2025-09-18T05:49:59.136-04:00","eventName":"n8n.node.finished","message":"n8n.node.finished","payload":{"workflowId":"zce7uodS8NSukHLn","workflowName":"My workflow","executionId":"3","nodeType":"n8n-nodes-base.httpRequest","nodeName":"HTTP Request","nodeId":"276143d5-d931-4bd1-8818-2a74f17b52e3"}}
{"__type":"$$EventMessageConfirm","confirm":"52a05579-20e1-4470-9b70-b190dc10973b","ts":"2025-09-18T05:49:59.136-04:00","source":{"id":"0","name":"eventBus"}}
{"__type":"$$EventMessageNode","id":"73863311-44d8-4cf1-946b-8cb7eb7de9ad","ts":"2025-09-18T05:49:59.136-04:00","eventName":"n8n.node.started","message":"n8n.node.started","payload":{"workflowId":"zce7uodS8NSukHLn","workflowName":"My workflow","executionId":"3","nodeType":"n8n-nodes-base.code","nodeName":"Flatten Watched Repos","nodeId":"2eec7377-41f7-4a7b-8bfe-edd8f7225137"}}
{"__type":"$$EventMessageConfirm","confirm":"73863311-44d8-4cf1-946b-8cb7eb7de9ad","ts":"2025-09-18T05:49:59.136-04:00","source":{"id":"0","name":"eventBus"}}
{"__type":"$$EventMessageNode","id":"135d5895-3dbc-4b68-b51b-3f2d8013ab0b","ts":"2025-09-18T05:49:59.140-04:00","eventName":"n8n.node.finished","message":"n8n.node.finished","payload":{"workflowId":"zce7uodS8NSukHLn","workflowName":"My workflow","executionId":"3","nodeType":"n8n-nodes-base.code","nodeName":"Flatten Watched Repos","nodeId":"2eec7377-41f7-4a7b-8bfe-edd8f7225137"}}
{"__type":"$$EventMessageConfirm","confirm":"135d5895-3dbc-4b68-b51b-3f2d8013ab0b","ts":"2025-09-18T05:49:59.140-04:00","source":{"id":"0","name":"eventBus"}}
{"__type":"$$EventMessageNode","id":"317ee9fa-272a-4389-8ae6-e2bd01cbdf54","ts":"2025-09-18T05:49:59.141-04:00","eventName":"n8n.node.started","message":"n8n.node.started","payload":{"workflowId":"zce7uodS8NSukHLn","workflowName":"My workflow","executionId":"3","nodeType":"n8n-nodes-base.code","nodeName":"Split Owner and Repo Name","nodeId":"83524888-a5f6-48e3-9908-61ce1571c879"}}
{"__type":"$$EventMessageConfirm","confirm":"317ee9fa-272a-4389-8ae6-e2bd01cbdf54","ts":"2025-09-18T05:49:59.141-04:00","source":{"id":"0","name":"eventBus"}}
{"__type":"$$EventMessageNode","id":"b0e9b942-e2e1-4d12-bbef-83e1df40376b","ts":"2025-09-18T05:49:59.145-04:00","eventName":"n8n.node.finished","message":"n8n.node.finished","payload":{"workflowId":"zce7uodS8NSukHLn","workflowName":"My workflow","executionId":"3","nodeType":"n8n-nodes-base.code","nodeName":"Split Owner and Repo Name","nodeId":"83524888-a5f6-48e3-9908-61ce1571c879"}}
{"__type":"$$EventMessageConfirm","confirm":"b0e9b942-e2e1-4d12-bbef-83e1df40376b","ts":"2025-09-18T05:49:59.145-04:00","source":{"id":"0","name":"eventBus"}}
{"__type":"$$EventMessageNode","id":"4bf4c3b5-dcaa-42df-8b04-4e748b0350b7","ts":"2025-09-18T05:49:59.145-04:00","eventName":"n8n.node.started","message":"n8n.node.started","payload":{"workflowId":"zce7uodS8NSukHLn","workflowName":"My workflow","executionId":"3","nodeType":"n8n-nodes-base.httpRequest","nodeName":"Fetch Latest SHA","nodeId":"5905da09-d340-4f70-be41-75da7c26c74f"}}
{"__type":"$$EventMessageConfirm","confirm":"4bf4c3b5-dcaa-42df-8b04-4e748b0350b7","ts":"2025-09-18T05:49:59.145-04:00","source":{"id":"0","name":"eventBus"}}
{"__type":"$$EventMessageNode","id":"8d104741-ecf6-43ef-9103-bf09b24eb44b","ts":"2025-09-18T05:50:09.783-04:00","eventName":"n8n.node.finished","message":"n8n.node.finished","payload":{"workflowId":"zce7uodS8NSukHLn","workflowName":"My workflow","executionId":"3","nodeType":"n8n-nodes-base.httpRequest","nodeName":"Fetch Latest SHA","nodeId":"5905da09-d340-4f70-be41-75da7c26c74f"}}
{"__type":"$$EventMessageConfirm","confirm":"8d104741-ecf6-43ef-9103-bf09b24eb44b","ts":"2025-09-18T05:50:09.783-04:00","source":{"id":"0","name":"eventBus"}}
{"__type":"$$EventMessageNode","id":"9e5d17fc-8b71-461e-9099-fbb2deff2612","ts":"2025-09-18T05:50:09.791-04:00","eventName":"n8n.node.started","message":"n8n.node.started","payload":{"workflowId":"zce7uodS8NSukHLn","workflowName":"My workflow","executionId":"3","nodeType":"n8n-nodes-base.code","nodeName":"Extract SHA","nodeId":"5f987f9a-547d-4e8b-bbb2-7a6c7a6e5df1"}}
{"__type":"$$EventMessageConfirm","confirm":"9e5d17fc-8b71-461e-9099-fbb2deff2612","ts":"2025-09-18T05:50:09.791-04:00","source":{"id":"0","name":"eventBus"}}
{"__type":"$$EventMessageNode","id":"e82135f0-3b1d-482b-b6ca-bf02649195de","ts":"2025-09-18T05:50:09.798-04:00","eventName":"n8n.node.finished","message":"n8n.node.finished","payload":{"workflowId":"zce7uodS8NSukHLn","workflowName":"My workflow","executionId":"3","nodeType":"n8n-nodes-base.code","nodeName":"Extract SHA","nodeId":"5f987f9a-547d-4e8b-bbb2-7a6c7a6e5df1"}}
{"__type":"$$EventMessageConfirm","confirm":"e82135f0-3b1d-482b-b6ca-bf02649195de","ts":"2025-09-18T05:50:09.799-04:00","source":{"id":"0","name":"eventBus"}}
{"__type":"$$EventMessageNode","id":"6eb02e93-b595-4b48-b696-4cef77047194","ts":"2025-09-18T05:50:09.799-04:00","eventName":"n8n.node.started","message":"n8n.node.started","payload":{"workflowId":"zce7uodS8NSukHLn","workflowName":"My workflow","executionId":"3","nodeType":"n8n-nodes-base.if","nodeName":"If","nodeId":"5c776ba4-2b51-43f9-85f1-e22f4a69575e"}}
{"__type":"$$EventMessageConfirm","confirm":"6eb02e93-b595-4b48-b696-4cef77047194","ts":"2025-09-18T05:50:09.799-04:00","source":{"id":"0","name":"eventBus"}}
{"__type":"$$EventMessageNode","id":"051934cc-10cd-4c49-9175-fbe98533f4dd","ts":"2025-09-18T05:50:09.804-04:00","eventName":"n8n.node.finished","message":"n8n.node.finished","payload":{"workflowId":"zce7uodS8NSukHLn","workflowName":"My workflow","executionId":"3","nodeType":"n8n-nodes-base.if","nodeName":"If","nodeId":"5c776ba4-2b51-43f9-85f1-e22f4a69575e"}}
{"__type":"$$EventMessageConfirm","confirm":"051934cc-10cd-4c49-9175-fbe98533f4dd","ts":"2025-09-18T05:50:09.804-04:00","source":{"id":"0","name":"eventBus"}}
{"__type":"$$EventMessageNode","id":"f68d2dba-8151-474e-8461-801ea146b1b9","ts":"2025-09-18T05:50:09.805-04:00","eventName":"n8n.node.started","message":"n8n.node.started","payload":{"workflowId":"zce7uodS8NSukHLn","workflowName":"My workflow","executionId":"3","nodeType":"n8n-nodes-base.httpRequest","nodeName":"Update last_sha","nodeId":"b1c1876b-0b33-4ca7-b5dd-ad25a52b209f"}}
{"__type":"$$EventMessageConfirm","confirm":"f68d2dba-8151-474e-8461-801ea146b1b9","ts":"2025-09-18T05:50:09.805-04:00","source":{"id":"0","name":"eventBus"}}
{"__type":"$$EventMessageNode","id":"c23257b8-89e9-4f1b-9f4c-c44e9b0f84c7","ts":"2025-09-18T05:50:09.831-04:00","eventName":"n8n.node.finished","message":"n8n.node.finished","payload":{"workflowId":"zce7uodS8NSukHLn","workflowName":"My workflow","executionId":"3","nodeType":"n8n-nodes-base.httpRequest","nodeName":"Update last_sha","nodeId":"b1c1876b-0b33-4ca7-b5dd-ad25a52b209f"}}
{"__type":"$$EventMessageConfirm","confirm":"c23257b8-89e9-4f1b-9f4c-c44e9b0f84c7","ts":"2025-09-18T05:50:09.831-04:00","source":{"id":"0","name":"eventBus"}}
{"__type":"$$EventMessageNode","id":"7c3e2f8e-408c-40ac-ae41-b76d48bb4a50","ts":"2025-09-18T05:50:09.831-04:00","eventName":"n8n.node.started","message":"n8n.node.started","payload":{"workflowId":"zce7uodS8NSukHLn","workflowName":"My workflow","executionId":"3","nodeType":"n8n-nodes-base.httpRequest","nodeName":"Send Notification","nodeId":"be65ae2a-f6e6-445d-8c0d-9c21323e51ad"}}
{"__type":"$$EventMessageConfirm","confirm":"7c3e2f8e-408c-40ac-ae41-b76d48bb4a50","ts":"2025-09-18T05:50:09.831-04:00","source":{"id":"0","name":"eventBus"}}
{"__type":"$$EventMessageNode","id":"eeaa7ac5-1231-4100-902b-654d71c3c902","ts":"2025-09-18T05:50:09.858-04:00","eventName":"n8n.node.finished","message":"n8n.node.finished","payload":{"workflowId":"zce7uodS8NSukHLn","workflowName":"My workflow","executionId":"3","nodeType":"n8n-nodes-base.httpRequest","nodeName":"Send Notification","nodeId":"be65ae2a-f6e6-445d-8c0d-9c21323e51ad"}}
{"__type":"$$EventMessageConfirm","confirm":"eeaa7ac5-1231-4100-902b-654d71c3c902","ts":"2025-09-18T05:50:09.858-04:00","source":{"id":"0","name":"eventBus"}}
{"__type":"$$EventMessageWorkflow","id":"eb443e60-bc3b-4632-86d1-2fcf937f2384","ts":"2025-09-18T05:50:09.859-04:00","eventName":"n8n.workflow.success","message":"n8n.workflow.success","payload":{"userId":"95d699fb-13e1-481f-bab4-b726d539d911","executionId":"3","success":true,"isManual":true,"workflowId":"zce7uodS8NSukHLn","workflowName":"My workflow"}}
{"__type":"$$EventMessageConfirm","confirm":"eb443e60-bc3b-4632-86d1-2fcf937f2384","ts":"2025-09-18T05:50:09.859-04:00","source":{"id":"0","name":"eventBus"}}
